<?xml version="1.0" encoding="UTF-8"?>
<!-- Generated by org.testng.reporters.JUnitReportReporter -->
<testsuite hostname="5CG7387F27" failures="0" tests="3" name="testcases.Saucedemo_all_Testcase" time="76.866" errors="0" timestamp="2026-02-10T09:47:55 IST" skipped="0">
  <testcase classname="testcases.Saucedemo_all_Testcase" name="login_testcase" time="23.189"/>
  <testcase classname="testcases.Saucedemo_all_Testcase" name="add_to_cart_testcase" time="20.000"/>
  <testcase classname="testcases.Saucedemo_all_Testcase" name="checkout_n_address_testcase" time="33.677"/>
</testsuite> <!-- testcases.Saucedemo_all_Testcase -->
