<?xml version="1.0" encoding="UTF-8"?>
<!-- Generated by org.testng.reporters.JUnitXMLReporter -->
<testsuite ignored="0" hostname="5CG7387F27" failures="0" tests="3" name="Default test" time="78.168" errors="0" timestamp="2026-02-10T09:47:54 IST">
  <testcase classname="testcases.Saucedemo_all_Testcase" name="login_testcase" time="11.601"/>
  <testcase classname="testcases.Saucedemo_all_Testcase" name="add_to_cart_testcase" time="11.615"/>
  <testcase classname="testcases.Saucedemo_all_Testcase" name="checkout_n_address_testcase" time="24.909"/>
</testsuite> <!-- Default test -->
